# JRE version: OpenJDK Runtime Environment (8.0_112-b06) (build 1.8.0_112-release-b06)
# Java VM: OpenJDK 64-Bit Server VM (25.112-b06 mixed mode windows-amd64 compressed oops)
Heap:
 PSYoungGen      total 205312K, used 19664K [0x00000000eab00000, 0x00000000fc480000, 0x0000000100000000)
  eden space 138752K, 9% used [0x00000000eab00000,0x00000000eb782398,0x00000000f3280000)
  from space 66560K, 10% used [0x00000000f3280000,0x00000000f3931e78,0x00000000f7380000)
  to   space 67072K, 0% used [0x00000000f7380000,0x00000000f7380000,0x00000000fb500000)
 ParOldGen       total 132096K, used 53659K [0x00000000c0000000, 0x00000000c8100000, 0x00000000eab00000)
  object space 132096K, 40% used [0x00000000c0000000,0x00000000c3466d68,0x00000000c8100000)
 Metaspace       used 68823K, capacity 71318K, committed 72832K, reserved 1112064K
  class space    used 8662K, capacity 9214K, committed 9600K, reserved 1048576K
GC Heap History (10 events):
Event: 7080.777 GC heap before
{Heap before GC invocations=29 (full 3):
 PSYoungGen      total 184832K, used 173971K [0x00000000eab00000, 0x00000000f9900000, 0x0000000100000000)
  eden space 134144K, 100% used [0x00000000eab00000,0x00000000f2e00000,0x00000000f2e00000)
  from space 50688K, 78% used [0x00000000f3200000,0x00000000f58e4f98,0x00000000f6380000)
  to   space 54784K, 0% used [0x00000000f6380000,0x00000000f6380000,0x00000000f9900000)
 ParOldGen       total 132096K, used 101647K [0x00000000c0000000, 0x00000000c8100000, 0x00000000eab00000)
  object space 132096K, 76% used [0x00000000c0000000,0x00000000c6343f90,0x00000000c8100000)
 Metaspace       used 68725K, capacity 71640K, committed 71936K, reserved 1112064K
  class space    used 8785K, capacity 9447K, committed 9472K, reserved 1048576K
Event: 7080.835 GC heap after
Heap after GC invocations=29 (full 3):
 PSYoungGen      total 176640K, used 54778K [0x00000000eab00000, 0x00000000fad00000, 0x0000000100000000)
  eden space 121856K, 0% used [0x00000000eab00000,0x00000000eab00000,0x00000000f2200000)
  from space 54784K, 99% used [0x00000000f6380000,0x00000000f98fe8e0,0x00000000f9900000)
  to   space 67072K, 0% used [0x00000000f2200000,0x00000000f2200000,0x00000000f6380000)
 ParOldGen       total 132096K, used 111539K [0x00000000c0000000, 0x00000000c8100000, 0x00000000eab00000)
  object space 132096K, 84% used [0x00000000c0000000,0x00000000c6cece20,0x00000000c8100000)
 Metaspace       used 68725K, capacity 71640K, committed 71936K, reserved 1112064K
  class space    used 8785K, capacity 9447K, committed 9472K, reserved 1048576K
}
Event: 7080.835 GC heap before
{Heap before GC invocations=30 (full 4):
 PSYoungGen      total 176640K, used 54778K [0x00000000eab00000, 0x00000000fad00000, 0x0000000100000000)
  eden space 121856K, 0% used [0x00000000eab00000,0x00000000eab00000,0x00000000f2200000)
  from space 54784K, 99% used [0x00000000f6380000,0x00000000f98fe8e0,0x00000000f9900000)
  to   space 67072K, 0% used [0x00000000f2200000,0x00000000f2200000,0x00000000f6380000)
 ParOldGen       total 132096K, used 111539K [0x00000000c0000000, 0x00000000c8100000, 0x00000000eab00000)
  object space 132096K, 84% used [0x00000000c0000000,0x00000000c6cece20,0x00000000c8100000)
 Metaspace       used 68725K, capacity 71640K, committed 71936K, reserved 1112064K
  class space    used 8785K, capacity 9447K, committed 9472K, reserved 1048576K
Event: 7081.057 GC heap after
Heap after GC invocations=30 (full 4):
 PSYoungGen      total 176640K, used 0K [0x00000000eab00000, 0x00000000fad00000, 0x0000000100000000)
  eden space 121856K, 0% used [0x00000000eab00000,0x00000000eab00000,0x00000000f2200000)
  from space 54784K, 0% used [0x00000000f6380000,0x00000000f6380000,0x00000000f9900000)
  to   space 67072K, 0% used [0x00000000f2200000,0x00000000f2200000,0x00000000f6380000)
 ParOldGen       total 132096K, used 53643K [0x00000000c0000000, 0x00000000c8100000, 0x00000000eab00000)
  object space 132096K, 40% used [0x00000000c0000000,0x00000000c3462d68,0x00000000c8100000)
 Metaspace       used 67336K, capacity 69486K, committed 71936K, reserved 1112064K
  class space    used 8495K, capacity 9004K, committed 9472K, reserved 1048576K
}
Event: 7082.072 GC heap before
{Heap before GC invocations=31 (full 4):
 PSYoungGen      total 176640K, used 121820K [0x00000000eab00000, 0x00000000fad00000, 0x0000000100000000)
  eden space 121856K, 99% used [0x00000000eab00000,0x00000000f21f7140,0x00000000f2200000)
  from space 54784K, 0% used [0x00000000f6380000,0x00000000f6380000,0x00000000f9900000)
  to   space 67072K, 0% used [0x00000000f2200000,0x00000000f2200000,0x00000000f6380000)
 ParOldGen       total 132096K, used 53643K [0x00000000c0000000, 0x00000000c8100000, 0x00000000eab00000)
  object space 132096K, 40% used [0x00000000c0000000,0x00000000c3462d68,0x00000000c8100000)
 Metaspace       used 67547K, capacity 69764K, committed 71936K, reserved 1112064K
  class space    used 8536K, capacity 9041K, committed 9472K, reserved 1048576K
Event: 7082.076 GC heap after
Heap after GC invocations=31 (full 4):
 PSYoungGen      total 188928K, used 2898K [0x00000000eab00000, 0x00000000fb500000, 0x0000000100000000)
  eden space 121856K, 0% used [0x00000000eab00000,0x00000000eab00000,0x00000000f2200000)
  from space 67072K, 4% used [0x00000000f2200000,0x00000000f24d4800,0x00000000f6380000)
  to   space 67072K, 0% used [0x00000000f7380000,0x00000000f7380000,0x00000000fb500000)
 ParOldGen       total 132096K, used 53651K [0x00000000c0000000, 0x00000000c8100000, 0x00000000eab00000)
  object space 132096K, 40% used [0x00000000c0000000,0x00000000c3464d68,0x00000000c8100000)
 Metaspace       used 67547K, capacity 69764K, committed 71936K, reserved 1112064K
  class space    used 8536K, capacity 9041K, committed 9472K, reserved 1048576K
}
Event: 7082.086 GC heap before
{Heap before GC invocations=32 (full 4):
 PSYoungGen      total 188928K, used 124129K [0x00000000eab00000, 0x00000000fb500000, 0x0000000100000000)
  eden space 121856K, 99% used [0x00000000eab00000,0x00000000f2163d80,0x00000000f2200000)
  from space 67072K, 4% used [0x00000000f2200000,0x00000000f24d4800,0x00000000f6380000)
  to   space 67072K, 0% used [0x00000000f7380000,0x00000000f7380000,0x00000000fb500000)
 ParOldGen       total 132096K, used 53651K [0x00000000c0000000, 0x00000000c8100000, 0x00000000eab00000)
  object space 132096K, 40% used [0x00000000c0000000,0x00000000c3464d68,0x00000000c8100000)
 Metaspace       used 67551K, capacity 69764K, committed 71936K, reserved 1112064K
  class space    used 8536K, capacity 9041K, committed 9472K, reserved 1048576K
Event: 7082.088 GC heap after
Heap after GC invocations=32 (full 4):
 PSYoungGen      total 205824K, used 2645K [0x00000000eab00000, 0x00000000fc480000, 0x0000000100000000)
  eden space 138752K, 0% used [0x00000000eab00000,0x00000000eab00000,0x00000000f3280000)
  from space 67072K, 3% used [0x00000000f7380000,0x00000000f7615470,0x00000000fb500000)
  to   space 66560K, 0% used [0x00000000f3280000,0x00000000f3280000,0x00000000f7380000)
 ParOldGen       total 132096K, used 53651K [0x00000000c0000000, 0x00000000c8100000, 0x00000000eab00000)
  object space 132096K, 40% used [0x00000000c0000000,0x00000000c3464d68,0x00000000c8100000)
 Metaspace       used 67551K, capacity 69764K, committed 71936K, reserved 1112064K
  class space    used 8536K, capacity 9041K, committed 9472K, reserved 1048576K
}
Event: 7087.223 GC heap before
{Heap before GC invocations=33 (full 4):
 PSYoungGen      total 205824K, used 141397K [0x00000000eab00000, 0x00000000fc480000, 0x0000000100000000)
  eden space 138752K, 100% used [0x00000000eab00000,0x00000000f3280000,0x00000000f3280000)
  from space 67072K, 3% used [0x00000000f7380000,0x00000000f7615470,0x00000000fb500000)
  to   space 66560K, 0% used [0x00000000f3280000,0x00000000f3280000,0x00000000f7380000)
 ParOldGen       total 132096K, used 53651K [0x00000000c0000000, 0x00000000c8100000, 0x00000000eab00000)
  object space 132096K, 40% used [0x00000000c0000000,0x00000000c3464d68,0x00000000c8100000)
 Metaspace       used 68731K, capacity 71184K, committed 72832K, reserved 1112064K
  class space    used 8660K, capacity 9213K, committed 9600K, reserved 1048576K
Event: 7087.231 GC heap after
Heap after GC invocations=33 (full 4):
 PSYoungGen      total 205312K, used 6855K [0x00000000eab00000, 0x00000000fc480000, 0x0000000100000000)
  eden space 138752K, 0% used [0x00000000eab00000,0x00000000eab00000,0x00000000f3280000)
  from space 66560K, 10% used [0x00000000f3280000,0x00000000f3931e78,0x00000000f7380000)
  to   space 67072K, 0% used [0x00000000f7380000,0x00000000f7380000,0x00000000fb500000)
 ParOldGen       total 132096K, used 53659K [0x00000000c0000000, 0x00000000c8100000, 0x00000000eab00000)
  object space 132096K, 40% used [0x00000000c0000000,0x00000000c3466d68,0x00000000c8100000)
 Metaspace       used 68731K, capacity 71184K, committed 72832K, reserved 1112064K
  class space    used 8660K, capacity 9213K, committed 9600K, reserved 1048576K
}

