# JRE version: OpenJDK Runtime Environment (8.0_112-b06) (build 1.8.0_112-release-b06)
# Java VM: OpenJDK 64-Bit Server VM (25.112-b06 mixed mode windows-amd64 compressed oops)
Heap:
 PSYoungGen      total 177664K, used 44359K [0x00000000eab00000, 0x00000000f8800000, 0x0000000100000000)
  eden space 133120K, 23% used [0x00000000eab00000,0x00000000ec9be8e8,0x00000000f2d00000)
  from space 44544K, 28% used [0x00000000f5c80000,0x00000000f6913450,0x00000000f8800000)
  to   space 46592K, 0% used [0x00000000f2d00000,0x00000000f2d00000,0x00000000f5a80000)
 ParOldGen       total 173056K, used 105502K [0x00000000c0000000, 0x00000000ca900000, 0x00000000eab00000)
  object space 173056K, 60% used [0x00000000c0000000,0x00000000c67078c8,0x00000000ca900000)
 Metaspace       used 66169K, capacity 68726K, committed 68992K, reserved 1110016K
  class space    used 8236K, capacity 8744K, committed 8832K, reserved 1048576K
GC Heap History (10 events):
Event: 321.095 GC heap before
{Heap before GC invocations=36 (full 3):
 PSYoungGen      total 160768K, used 146913K [0x00000000eab00000, 0x00000000f6b80000, 0x0000000100000000)
  eden space 136704K, 100% used [0x00000000eab00000,0x00000000f3080000,0x00000000f3080000)
  from space 24064K, 42% used [0x00000000f5400000,0x00000000f5df86c0,0x00000000f6b80000)
  to   space 30208K, 0% used [0x00000000f3080000,0x00000000f3080000,0x00000000f4e00000)
 ParOldGen       total 101888K, used 86518K [0x00000000c0000000, 0x00000000c6380000, 0x00000000eab00000)
  object space 101888K, 84% used [0x00000000c0000000,0x00000000c547d8a0,0x00000000c6380000)
 Metaspace       used 64687K, capacity 67326K, committed 67584K, reserved 1107968K
  class space    used 8190K, capacity 8698K, committed 8704K, reserved 1048576K
Event: 321.120 GC heap after
Heap after GC invocations=36 (full 3):
 PSYoungGen      total 160768K, used 28675K [0x00000000eab00000, 0x00000000f6e80000, 0x0000000100000000)
  eden space 131584K, 0% used [0x00000000eab00000,0x00000000eab00000,0x00000000f2b80000)
  from space 29184K, 98% used [0x00000000f3080000,0x00000000f4c80d78,0x00000000f4d00000)
  to   space 34304K, 0% used [0x00000000f4d00000,0x00000000f4d00000,0x00000000f6e80000)
 ParOldGen       total 101888K, used 86526K [0x00000000c0000000, 0x00000000c6380000, 0x00000000eab00000)
  object space 101888K, 84% used [0x00000000c0000000,0x00000000c547f8a0,0x00000000c6380000)
 Metaspace       used 64687K, capacity 67326K, committed 67584K, reserved 1107968K
  class space    used 8190K, capacity 8698K, committed 8704K, reserved 1048576K
}
Event: 325.388 GC heap before
{Heap before GC invocations=37 (full 3):
 PSYoungGen      total 160768K, used 160259K [0x00000000eab00000, 0x00000000f6e80000, 0x0000000100000000)
  eden space 131584K, 100% used [0x00000000eab00000,0x00000000f2b80000,0x00000000f2b80000)
  from space 29184K, 98% used [0x00000000f3080000,0x00000000f4c80d78,0x00000000f4d00000)
  to   space 34304K, 0% used [0x00000000f4d00000,0x00000000f4d00000,0x00000000f6e80000)
 ParOldGen       total 101888K, used 86526K [0x00000000c0000000, 0x00000000c6380000, 0x00000000eab00000)
  object space 101888K, 84% used [0x00000000c0000000,0x00000000c547f8a0,0x00000000c6380000)
 Metaspace       used 65334K, capacity 67998K, committed 68224K, reserved 1107968K
  class space    used 8214K, capacity 8730K, committed 8832K, reserved 1048576K
Event: 325.430 GC heap after
Heap after GC invocations=37 (full 3):
 PSYoungGen      total 149504K, used 34285K [0x00000000eab00000, 0x00000000f8a00000, 0x0000000100000000)
  eden space 115200K, 0% used [0x00000000eab00000,0x00000000eab00000,0x00000000f1b80000)
  from space 34304K, 99% used [0x00000000f4d00000,0x00000000f6e7b578,0x00000000f6e80000)
  to   space 50688K, 0% used [0x00000000f1b80000,0x00000000f1b80000,0x00000000f4d00000)
 ParOldGen       total 117248K, used 115837K [0x00000000c0000000, 0x00000000c7280000, 0x00000000eab00000)
  object space 117248K, 98% used [0x00000000c0000000,0x00000000c711f648,0x00000000c7280000)
 Metaspace       used 65334K, capacity 67998K, committed 68224K, reserved 1107968K
  class space    used 8214K, capacity 8730K, committed 8832K, reserved 1048576K
}
Event: 325.430 GC heap before
{Heap before GC invocations=38 (full 4):
 PSYoungGen      total 149504K, used 34285K [0x00000000eab00000, 0x00000000f8a00000, 0x0000000100000000)
  eden space 115200K, 0% used [0x00000000eab00000,0x00000000eab00000,0x00000000f1b80000)
  from space 34304K, 99% used [0x00000000f4d00000,0x00000000f6e7b578,0x00000000f6e80000)
  to   space 50688K, 0% used [0x00000000f1b80000,0x00000000f1b80000,0x00000000f4d00000)
 ParOldGen       total 117248K, used 115837K [0x00000000c0000000, 0x00000000c7280000, 0x00000000eab00000)
  object space 117248K, 98% used [0x00000000c0000000,0x00000000c711f648,0x00000000c7280000)
 Metaspace       used 65334K, capacity 67998K, committed 68224K, reserved 1107968K
  class space    used 8214K, capacity 8730K, committed 8832K, reserved 1048576K
Event: 325.735 GC heap after
Heap after GC invocations=38 (full 4):
 PSYoungGen      total 149504K, used 0K [0x00000000eab00000, 0x00000000f8a00000, 0x0000000100000000)
  eden space 115200K, 0% used [0x00000000eab00000,0x00000000eab00000,0x00000000f1b80000)
  from space 34304K, 0% used [0x00000000f4d00000,0x00000000f4d00000,0x00000000f6e80000)
  to   space 50688K, 0% used [0x00000000f1b80000,0x00000000f1b80000,0x00000000f4d00000)
 ParOldGen       total 173056K, used 105486K [0x00000000c0000000, 0x00000000ca900000, 0x00000000eab00000)
  object space 173056K, 60% used [0x00000000c0000000,0x00000000c67038c8,0x00000000ca900000)
 Metaspace       used 64650K, capacity 67222K, committed 68224K, reserved 1107968K
  class space    used 8148K, capacity 8648K, committed 8832K, reserved 1048576K
}
Event: 326.695 GC heap before
{Heap before GC invocations=39 (full 4):
 PSYoungGen      total 149504K, used 115200K [0x00000000eab00000, 0x00000000f8a00000, 0x0000000100000000)
  eden space 115200K, 100% used [0x00000000eab00000,0x00000000f1b80000,0x00000000f1b80000)
  from space 34304K, 0% used [0x00000000f4d00000,0x00000000f4d00000,0x00000000f6e80000)
  to   space 50688K, 0% used [0x00000000f1b80000,0x00000000f1b80000,0x00000000f4d00000)
 ParOldGen       total 173056K, used 105486K [0x00000000c0000000, 0x00000000ca900000, 0x00000000eab00000)
  object space 173056K, 60% used [0x00000000c0000000,0x00000000c67038c8,0x00000000ca900000)
 Metaspace       used 65749K, capacity 68310K, committed 68736K, reserved 1110016K
  class space    used 8209K, capacity 8712K, committed 8832K, reserved 1048576K
Event: 326.707 GC heap after
Heap after GC invocations=39 (full 4):
 PSYoungGen      total 165888K, used 11917K [0x00000000eab00000, 0x00000000f8c00000, 0x0000000100000000)
  eden space 115200K, 0% used [0x00000000eab00000,0x00000000eab00000,0x00000000f1b80000)
  from space 50688K, 23% used [0x00000000f1b80000,0x00000000f2723430,0x00000000f4d00000)
  to   space 48640K, 0% used [0x00000000f5c80000,0x00000000f5c80000,0x00000000f8c00000)
 ParOldGen       total 173056K, used 105494K [0x00000000c0000000, 0x00000000ca900000, 0x00000000eab00000)
  object space 173056K, 60% used [0x00000000c0000000,0x00000000c67058c8,0x00000000ca900000)
 Metaspace       used 65749K, capacity 68310K, committed 68736K, reserved 1110016K
  class space    used 8209K, capacity 8712K, committed 8832K, reserved 1048576K
}
Event: 328.074 GC heap before
{Heap before GC invocations=40 (full 4):
 PSYoungGen      total 165888K, used 127117K [0x00000000eab00000, 0x00000000f8c00000, 0x0000000100000000)
  eden space 115200K, 100% used [0x00000000eab00000,0x00000000f1b80000,0x00000000f1b80000)
  from space 50688K, 23% used [0x00000000f1b80000,0x00000000f2723430,0x00000000f4d00000)
  to   space 48640K, 0% used [0x00000000f5c80000,0x00000000f5c80000,0x00000000f8c00000)
 ParOldGen       total 173056K, used 105494K [0x00000000c0000000, 0x00000000ca900000, 0x00000000eab00000)
  object space 173056K, 60% used [0x00000000c0000000,0x00000000c67058c8,0x00000000ca900000)
 Metaspace       used 65977K, capacity 68502K, committed 68736K, reserved 1110016K
  class space    used 8226K, capacity 8712K, committed 8832K, reserved 1048576K
Event: 328.084 GC heap after
Heap after GC invocations=40 (full 4):
 PSYoungGen      total 177664K, used 12877K [0x00000000eab00000, 0x00000000f8800000, 0x0000000100000000)
  eden space 133120K, 0% used [0x00000000eab00000,0x00000000eab00000,0x00000000f2d00000)
  from space 44544K, 28% used [0x00000000f5c80000,0x00000000f6913450,0x00000000f8800000)
  to   space 46592K, 0% used [0x00000000f2d00000,0x00000000f2d00000,0x00000000f5a80000)
 ParOldGen       total 173056K, used 105502K [0x00000000c0000000, 0x00000000ca900000, 0x00000000eab00000)
  object space 173056K, 60% used [0x00000000c0000000,0x00000000c67078c8,0x00000000ca900000)
 Metaspace       used 65977K, capacity 68502K, committed 68736K, reserved 1110016K
  class space    used 8226K, capacity 8712K, committed 8832K, reserved 1048576K
}

